This file contains any messages produced by compilers while
running configure, to aid debugging if configure makes a mistake.

It was created by configure, which was
generated by GNU Autoconf 2.67.  Invocation command line was

  $ ./configure 

## --------- ##
## Platform. ##
## --------- ##

hostname = haruka-PC
uname -m = i686
uname -r = 1.7.15(0.260/5/3)
uname -s = CYGWIN_NT-6.1
uname -v = 2012-05-09 10:25

/usr/bin/uname -p = unknown
/bin/uname -X     = unknown

/bin/arch              = i686
/usr/bin/arch -k       = unknown
/usr/convex/getsysinfo = unknown
/usr/bin/hostinfo      = unknown
/bin/machine           = unknown
/usr/bin/oslevel       = unknown
/bin/universe          = unknown

PATH: /usr/local/bin
PATH: /usr/bin
PATH: /cygdrive/c/Program Files/Common Files/Microsoft Shared/Windows Live
PATH: /cygdrive/c/Windows/system32
PATH: /cygdrive/c/Windows
PATH: /cygdrive/c/Windows/System32/Wbem
PATH: /cygdrive/c/Windows/System32/WindowsPowerShell/v1.0
PATH: /cygdrive/c/Program Files/TortoiseSVN/bin
PATH: /cygdrive/c/Program Files/QuickTime/QTSystem
PATH: /cygdrive/c/Program Files/Microsoft SQL Server/90/Tools/binn
PATH: /cygdrive/c/Program Files/MATLAB/R2010b/bin
PATH: /cygdrive/c/program files/gnuarm/bin
PATH: /cygdrive/c/VXIPNP/WinNT/Bin
PATH: /cygdrive/c/Program Files/doxygen/bin
PATH: /cygdrive/c/Program Files/Windows Live/Shared
PATH: /cygdrive/c/Program Files/Graphviz 2.28/bin
PATH: /cygdrive/c/w32tex/bin
PATH: /cygdrive/c/gs/gs9.04/bin
PATH: /cygdrive/c/gs/gs9.04/lib
PATH: /usr/bin
PATH: /cygdrive/c/usr/emacs/23.3/bin
PATH: /cygdrive/c/Program Files/IrfanView
PATH: /cygdrive/c/w32/dviout
PATH: /cygdrive/c/w32/bin
PATH: /cygdrive/c/Windows/Microsoft.NET/Framework/v4.0.30319
PATH: /cygdrive/c/home/1.working/NST/repoProjectNavigatorTrunk/NX2K-MultiUnit/NX2K Project Navigator/bin/Debug
PATH: /cygdrive/c/usr/emacs/24.1/bin


## ----------- ##
## Core tests. ##
## ----------- ##

configure:1767: checking for a BSD-compatible install
configure:1835: result: /usr/bin/install -c
configure:1846: checking whether build environment is sane
configure:1896: result: yes
configure:2037: checking for a thread-safe mkdir -p
configure:2076: result: /usr/bin/mkdir -p
configure:2089: checking for gawk
configure:2105: found /usr/bin/gawk
configure:2116: result: gawk
configure:2127: checking whether make sets $(MAKE)
configure:2149: result: yes
configure:2230: checking whether to enable maintainer-specific portions of Makefiles
configure:2239: result: no
configure:2262: checking build system type
configure:2276: result: i686-pc-cygwin
configure:2296: checking host system type
configure:2309: result: i686-pc-cygwin
configure:2376: checking for cvs
configure:2392: found /usr/bin/cvs
configure:2404: result: cvs -z3
configure:2412: checking whether ln -s works
configure:2416: result: yes
configure:2428: checking for emacs
configure:2444: found /usr/local/bin/emacs
configure:2455: result: emacs
configure:2471: checking detecting your emacs type
configure:2488: result: emacs21
configure:2543: checking where .elc files should go
configure:2572: result: /usr/local/share/emacs/site-lisp
configure:2592: checking where howm files should go
configure:2600: result: ${lispdir}/howm
configure:2646: checking where ext files should go
configure:2654: result: ${datadir}/howm/ext
configure:2839: creating ./config.status

## ---------------------- ##
## Running config.status. ##
## ---------------------- ##

This file was extended by config.status, which was
generated by GNU Autoconf 2.67.  Invocation command line was

  CONFIG_FILES    = 
  CONFIG_HEADERS  = 
  CONFIG_LINKS    = 
  CONFIG_COMMANDS = 
  $ ./config.status 

on haruka-PC

config.status:781: creating Makefile
config.status:781: creating doc/Makefile
config.status:781: creating ext/Makefile
config.status:781: creating en/Makefile
config.status:781: creating ja/Makefile
config.status:781: creating sample/Makefile

## ---------------- ##
## Cache variables. ##
## ---------------- ##

ac_cv_build=i686-pc-cygwin
ac_cv_env_build_alias_set=
ac_cv_env_build_alias_value=
ac_cv_env_host_alias_set=
ac_cv_env_host_alias_value=
ac_cv_env_target_alias_set=
ac_cv_env_target_alias_value=
ac_cv_extdir='${datadir}/howm/ext'
ac_cv_host=i686-pc-cygwin
ac_cv_howmdir='${lispdir}/howm'
ac_cv_path_install='/usr/bin/install -c'
ac_cv_path_mkdir=/usr/bin/mkdir
ac_cv_prog_AWK=gawk
ac_cv_prog_CVS='cvs -z3'
ac_cv_prog_EMACS=emacs
ac_cv_prog_make_make_set=yes
am_cv_lispdir=/usr/local/share/emacs/site-lisp

## ----------------- ##
## Output variables. ##
## ----------------- ##

ACLOCAL='${SHELL} /cygdrive/c/Dropbox/.emacs.d/elisp/howm/missing --run aclocal-1.11'
AMTAR='${SHELL} /cygdrive/c/Dropbox/.emacs.d/elisp/howm/missing --run tar'
AUTOCONF='${SHELL} /cygdrive/c/Dropbox/.emacs.d/elisp/howm/missing --run autoconf'
AUTOHEADER='${SHELL} /cygdrive/c/Dropbox/.emacs.d/elisp/howm/missing --run autoheader'
AUTOMAKE='${SHELL} /cygdrive/c/Dropbox/.emacs.d/elisp/howm/missing --run automake-1.11'
AWK='gawk'
CVS='cvs -z3'
CYGPATH_W='cygpath -w'
DEFS='-DPACKAGE_NAME=\"\" -DPACKAGE_TARNAME=\"\" -DPACKAGE_VERSION=\"\" -DPACKAGE_STRING=\"\" -DPACKAGE_BUGREPORT=\"\" -DPACKAGE_URL=\"\" -DPACKAGE=\"howm\" -DVERSION=\"1.3.9.2\"'
ECHO_C=''
ECHO_N='-n'
ECHO_T=''
EMACS='emacs'
INSTALL_DATA='${INSTALL} -m 644'
INSTALL_PROGRAM='${INSTALL}'
INSTALL_SCRIPT='${INSTALL}'
INSTALL_STRIP_PROGRAM='$(install_sh) -c -s'
LIBOBJS=''
LIBS=''
LN_S='ln -s'
LTLIBOBJS=''
MAINT='#'
MAINTAINER_MODE_FALSE=''
MAINTAINER_MODE_TRUE='#'
MAKEINFO='${SHELL} /cygdrive/c/Dropbox/.emacs.d/elisp/howm/missing --run makeinfo'
MKDIR_P='/usr/bin/mkdir -p'
PACKAGE='howm'
PACKAGE_BUGREPORT=''
PACKAGE_NAME=''
PACKAGE_STRING=''
PACKAGE_TARNAME=''
PACKAGE_URL=''
PACKAGE_VERSION=''
PATH_SEPARATOR=':'
SET_MAKE=''
SHELL='bash'
STRIP=''
VERSION='1.3.9.2'
am__isrc=''
am__leading_dot='.'
am__tar='${AMTAR} chof - "$$tardir"'
am__untar='${AMTAR} xf -'
bindir='${exec_prefix}/bin'
build='i686-pc-cygwin'
build_alias=''
build_cpu='i686'
build_os='cygwin'
build_vendor='pc'
datadir='${datarootdir}'
datarootdir='${prefix}/share'
docdir='${datarootdir}/doc/${PACKAGE}'
dvidir='${docdir}'
exec_prefix='${prefix}'
extdir='${datadir}/howm/ext'
host='i686-pc-cygwin'
host_alias=''
host_cpu='i686'
host_os='cygwin'
host_vendor='pc'
howmdir='${lispdir}/howm'
htmldir='${docdir}'
includedir='${prefix}/include'
infodir='${datarootdir}/info'
install_sh='${SHELL} /cygdrive/c/Dropbox/.emacs.d/elisp/howm/install-sh'
libdir='${exec_prefix}/lib'
libexecdir='${exec_prefix}/libexec'
lispdir='/usr/local/share/emacs/site-lisp'
localedir='${datarootdir}/locale'
localstatedir='${prefix}/var'
mandir='${datarootdir}/man'
mkdir_p='/usr/bin/mkdir -p'
oldincludedir='/usr/include'
packagedir=''
pdfdir='${docdir}'
prefix='/usr/local'
program_transform_name='s,x,x,'
psdir='${docdir}'
sbindir='${exec_prefix}/sbin'
sharedstatedir='${prefix}/com'
sysconfdir='${prefix}/etc'
target_alias=''

## ----------- ##
## confdefs.h. ##
## ----------- ##

/* confdefs.h */
#define PACKAGE_NAME ""
#define PACKAGE_TARNAME ""
#define PACKAGE_VERSION ""
#define PACKAGE_STRING ""
#define PACKAGE_BUGREPORT ""
#define PACKAGE_URL ""
#define PACKAGE "howm"
#define VERSION "1.3.9.2"

configure: exit 0
